<?xml version="1.0" encoding="UTF-8"?>
<!-- Generated by org.testng.reporters.JUnitReportReporter -->
<testsuite hostname="Agalya" failures="0" tests="1" name="runner.TestRunner" time="5.786" errors="0" timestamp="2025-06-17T13:17:10 IST" skipped="0">
  <testcase classname="runner.TestRunner" name="runScenario" time="5.786"/>
  <system-out/>
</testsuite> <!-- runner.TestRunner -->
