<?xml version="1.0" encoding="UTF-8"?>
<!-- Generated by org.testng.reporters.JUnitReportReporter -->
<testsuite hostname="Agalya" failures="0" tests="2" name="runner.NewRegistrationRunner" time="13.944" errors="0" timestamp="2025-06-20T13:04:20 IST" skipped="0">
  <testcase classname="runner.NewRegistrationRunner" name="runScenario" time="7.862"/>
  <system-out/>
  <testcase classname="runner.NewRegistrationRunner" name="runScenario" time="6.082"/>
  <system-out/>
</testsuite> <!-- runner.NewRegistrationRunner -->
