<?xml version="1.0" encoding="UTF-8"?>
<!-- Generated by org.testng.reporters.JUnitReportReporter -->
<testsuite hostname="Agalya" failures="0" tests="1" name="runner.HookTestRunner" time="0.220" errors="0" timestamp="2025-06-26T22:41:54 IST" skipped="0">
  <testcase classname="runner.HookTestRunner" name="runScenario" time="0.220"/>
</testsuite> <!-- runner.HookTestRunner -->
