<?xml version="1.0" encoding="UTF-8"?>
<!-- Generated by org.testng.reporters.JUnitReportReporter -->
<testsuite hostname="Agalya" failures="0" tests="1" name="runner.LoginRunner" time="12.268" errors="0" timestamp="2025-06-20T11:47:10 IST" skipped="0">
  <testcase classname="runner.LoginRunner" name="runScenario" time="12.268"/>
  <system-out/>
</testsuite> <!-- runner.LoginRunner -->
